2020-09-23 17:13:36,819 INFO c.e.d.c.UserController [http-nio-8080-exec-1] USER:User nikos1 created successfully 
2020-09-23 17:17:45,452 INFO c.e.d.c.UserController [http-nio-8080-exec-4] USER:User 1 found by id 
2020-09-23 17:17:49,469 INFO c.e.d.c.UserController [http-nio-8080-exec-5] USER:User nikos1 found by name 
2020-09-23 17:17:52,687 INFO c.e.d.c.CartController [http-nio-8080-exec-6] CART:Attempting to add item with id 0 to Cart
2020-09-23 17:17:52,688 INFO c.e.d.c.CartController [http-nio-8080-exec-6] CART:Attempting to add item with id 1 to Cart
2020-09-23 17:17:52,688 INFO c.e.d.c.CartController [http-nio-8080-exec-6] CART:Attempting to add item with id 2 to Cart
2020-09-23 17:17:52,688 INFO c.e.d.c.CartController [http-nio-8080-exec-6] CART:Attempting to add item with id 3 to Cart
2020-09-23 17:17:52,688 INFO c.e.d.c.CartController [http-nio-8080-exec-6] CART:Attempting to add item with id 4 to Cart
2020-09-23 17:17:52,688 INFO c.e.d.c.CartController [http-nio-8080-exec-6] CART:Attempting to add item with id 5 to Cart
2020-09-23 17:17:52,688 INFO c.e.d.c.CartController [http-nio-8080-exec-6] CART:Attempting to add item with id 6 to Cart
2020-09-23 17:17:52,688 INFO c.e.d.c.CartController [http-nio-8080-exec-6] CART:Attempting to add item with id 7 to Cart
2020-09-23 17:17:52,688 INFO c.e.d.c.CartController [http-nio-8080-exec-6] CART:Attempting to add item with id 8 to Cart
2020-09-23 17:17:52,688 INFO c.e.d.c.CartController [http-nio-8080-exec-6] CART:Attempting to add item with id 9 to Cart
2020-09-23 17:17:52,724 INFO c.e.d.c.CartController [http-nio-8080-exec-6] CART:All items successfully added from Cart
2020-09-23 17:18:06,725 INFO c.e.d.c.CartController [http-nio-8080-exec-9] CART:Attempting to remove item with id 0 from cart
2020-09-23 17:18:06,725 INFO c.e.d.c.CartController [http-nio-8080-exec-9] CART:Attempting to remove item with id 1 from cart
2020-09-23 17:18:06,725 INFO c.e.d.c.CartController [http-nio-8080-exec-9] CART:Attempting to remove item with id 2 from cart
2020-09-23 17:18:06,725 INFO c.e.d.c.CartController [http-nio-8080-exec-9] CART:Attempting to remove item with id 3 from cart
2020-09-23 17:18:06,729 INFO c.e.d.c.CartController [http-nio-8080-exec-9] CART:All items successfully removed from Cart
2020-09-23 17:18:11,034 INFO c.e.d.c.OrderController [http-nio-8080-exec-10] ORDER:Order for user nikos1 successfully entered
2020-09-23 17:18:13,931 INFO c.e.d.c.OrderController [http-nio-8080-exec-1] ORDER:Order history for user nikos1 successfully retrieved
2020-09-23 17:18:17,003 INFO c.e.d.c.ItemController [http-nio-8080-exec-2] ITEM:All items were retrieved successfully
2020-09-23 17:18:19,483 INFO c.e.d.c.ItemController [http-nio-8080-exec-3] ITEM:Item with id 2 was retrieved successfully
2020-09-23 17:18:21,823 INFO c.e.d.c.ItemController [http-nio-8080-exec-4] ITEM:Items with name Round Widget were retrieved successfully
2020-09-23 17:18:29,952 INFO c.e.d.c.UserController [http-nio-8080-exec-5] USER:User nikos2 created successfully 
2020-09-23 17:18:55,100 INFO c.e.d.c.CartController [http-nio-8080-exec-7] CART:Attempting to add item with id 0 to Cart
2020-09-23 17:18:55,100 INFO c.e.d.c.CartController [http-nio-8080-exec-7] CART:Attempting to add item with id 1 to Cart
2020-09-23 17:18:55,100 INFO c.e.d.c.CartController [http-nio-8080-exec-7] CART:Attempting to add item with id 2 to Cart
2020-09-23 17:18:55,100 INFO c.e.d.c.CartController [http-nio-8080-exec-7] CART:Attempting to add item with id 3 to Cart
2020-09-23 17:18:55,100 INFO c.e.d.c.CartController [http-nio-8080-exec-7] CART:Attempting to add item with id 4 to Cart
2020-09-23 17:18:55,100 INFO c.e.d.c.CartController [http-nio-8080-exec-7] CART:Attempting to add item with id 5 to Cart
2020-09-23 17:18:55,100 INFO c.e.d.c.CartController [http-nio-8080-exec-7] CART:Attempting to add item with id 6 to Cart
2020-09-23 17:18:55,100 INFO c.e.d.c.CartController [http-nio-8080-exec-7] CART:Attempting to add item with id 7 to Cart
2020-09-23 17:18:55,100 INFO c.e.d.c.CartController [http-nio-8080-exec-7] CART:Attempting to add item with id 8 to Cart
2020-09-23 17:18:55,100 INFO c.e.d.c.CartController [http-nio-8080-exec-7] CART:Attempting to add item with id 9 to Cart
2020-09-23 17:18:55,108 INFO c.e.d.c.CartController [http-nio-8080-exec-7] CART:All items successfully added from Cart
2020-09-23 17:23:50,068 INFO c.e.d.c.CartController [http-nio-8080-exec-9] CART:Attempting to add item with id 0 to Cart
2020-09-23 17:23:50,068 INFO c.e.d.c.CartController [http-nio-8080-exec-9] CART:Attempting to add item with id 1 to Cart
2020-09-23 17:23:50,069 INFO c.e.d.c.CartController [http-nio-8080-exec-9] CART:Attempting to add item with id 2 to Cart
2020-09-23 17:23:50,069 INFO c.e.d.c.CartController [http-nio-8080-exec-9] CART:Attempting to add item with id 3 to Cart
2020-09-23 17:23:50,069 INFO c.e.d.c.CartController [http-nio-8080-exec-9] CART:Attempting to add item with id 4 to Cart
2020-09-23 17:23:50,069 INFO c.e.d.c.CartController [http-nio-8080-exec-9] CART:Attempting to add item with id 5 to Cart
2020-09-23 17:23:50,069 INFO c.e.d.c.CartController [http-nio-8080-exec-9] CART:Attempting to add item with id 6 to Cart
2020-09-23 17:23:50,069 INFO c.e.d.c.CartController [http-nio-8080-exec-9] CART:Attempting to add item with id 7 to Cart
2020-09-23 17:23:50,069 INFO c.e.d.c.CartController [http-nio-8080-exec-9] CART:Attempting to add item with id 8 to Cart
2020-09-23 17:23:50,070 INFO c.e.d.c.CartController [http-nio-8080-exec-9] CART:Attempting to add item with id 9 to Cart
2020-09-23 17:23:50,081 INFO c.e.d.c.CartController [http-nio-8080-exec-9] CART:All items successfully added from Cart
2020-09-23 17:23:53,304 INFO c.e.d.c.CartController [http-nio-8080-exec-10] CART:Attempting to remove item with id 0 from cart
2020-09-23 17:23:53,304 INFO c.e.d.c.CartController [http-nio-8080-exec-10] CART:Attempting to remove item with id 1 from cart
2020-09-23 17:23:53,304 INFO c.e.d.c.CartController [http-nio-8080-exec-10] CART:Attempting to remove item with id 2 from cart
2020-09-23 17:23:53,304 INFO c.e.d.c.CartController [http-nio-8080-exec-10] CART:Attempting to remove item with id 3 from cart
2020-09-23 17:23:53,309 INFO c.e.d.c.CartController [http-nio-8080-exec-10] CART:All items successfully removed from Cart
2020-09-23 17:23:56,200 INFO c.e.d.c.OrderController [http-nio-8080-exec-1] ORDER:Order for user nikos1 successfully entered
2020-09-23 17:23:58,287 INFO c.e.d.c.OrderController [http-nio-8080-exec-2] ORDER:Order history for user nikos1 successfully retrieved
2020-09-23 17:26:23,500 INFO c.e.d.c.UserController [http-nio-8080-exec-4] USER:User 1 found by id 
2020-09-23 17:26:25,680 INFO c.e.d.c.UserController [http-nio-8080-exec-5] USER:User nikos1 found by name 
2020-09-23 17:26:27,603 INFO c.e.d.c.CartController [http-nio-8080-exec-6] CART:Attempting to remove item with id 0 from cart
2020-09-23 17:26:27,603 INFO c.e.d.c.CartController [http-nio-8080-exec-6] CART:Attempting to remove item with id 1 from cart
2020-09-23 17:26:27,603 INFO c.e.d.c.CartController [http-nio-8080-exec-6] CART:Attempting to remove item with id 2 from cart
2020-09-23 17:26:27,603 INFO c.e.d.c.CartController [http-nio-8080-exec-6] CART:Attempting to remove item with id 3 from cart
2020-09-23 17:26:27,608 INFO c.e.d.c.CartController [http-nio-8080-exec-6] CART:All items successfully removed from Cart
2020-09-23 17:27:45,729 INFO c.e.d.c.OrderController [http-nio-8080-exec-8] ORDER:Order history for user nikos1 successfully retrieved
2020-09-23 17:30:08,608 INFO c.e.d.c.OrderController [http-nio-8080-exec-10] ORDER:Order history for user nikos1 successfully retrieved
2020-09-23 17:30:10,687 INFO c.e.d.c.ItemController [http-nio-8080-exec-1] ITEM:All items were retrieved successfully
2020-09-23 17:30:12,800 INFO c.e.d.c.CartController [http-nio-8080-exec-2] CART:Attempting to add item with id 0 to Cart
2020-09-23 17:30:12,800 INFO c.e.d.c.CartController [http-nio-8080-exec-2] CART:Attempting to add item with id 1 to Cart
2020-09-23 17:30:12,800 INFO c.e.d.c.CartController [http-nio-8080-exec-2] CART:Attempting to add item with id 2 to Cart
2020-09-23 17:30:12,801 INFO c.e.d.c.CartController [http-nio-8080-exec-2] CART:Attempting to add item with id 3 to Cart
2020-09-23 17:30:12,801 INFO c.e.d.c.CartController [http-nio-8080-exec-2] CART:Attempting to add item with id 4 to Cart
2020-09-23 17:30:12,801 INFO c.e.d.c.CartController [http-nio-8080-exec-2] CART:Attempting to add item with id 5 to Cart
2020-09-23 17:30:12,801 INFO c.e.d.c.CartController [http-nio-8080-exec-2] CART:Attempting to add item with id 6 to Cart
2020-09-23 17:30:12,801 INFO c.e.d.c.CartController [http-nio-8080-exec-2] CART:Attempting to add item with id 7 to Cart
2020-09-23 17:30:12,801 INFO c.e.d.c.CartController [http-nio-8080-exec-2] CART:Attempting to add item with id 8 to Cart
2020-09-23 17:30:12,801 INFO c.e.d.c.CartController [http-nio-8080-exec-2] CART:Attempting to add item with id 9 to Cart
2020-09-23 17:30:12,815 INFO c.e.d.c.CartController [http-nio-8080-exec-2] CART:All items successfully added from Cart
2020-09-23 17:40:08,387 INFO c.e.d.c.UserController [http-nio-8080-exec-4] USER:User nikos5 created successfully 
2020-09-23 17:40:16,541 INFO c.e.d.c.UserController [http-nio-8080-exec-5] USER:User nikos6 created successfully 
2020-09-23 17:43:55,798 INFO c.e.d.c.UserController [http-nio-8080-exec-7] USER:User nikos7 created successfully 
2020-09-23 18:04:03,963 INFO c.e.d.c.OrderController [http-nio-8080-exec-9] ORDER:Order for user nikos1 successfully entered
2020-09-23 20:07:30,883 INFO c.e.d.c.UserController [http-nio-8080-exec-1] USER:User nikos7a created successfully 
2020-09-23 20:07:32,668 INFO c.e.d.c.UserController [http-nio-8080-exec-2] USER:User nikos7aa created successfully 
2020-09-23 20:07:34,355 INFO c.e.d.c.UserController [http-nio-8080-exec-3] USER:User nikos7aaa created successfully 
2020-09-23 20:07:36,032 INFO c.e.d.c.UserController [http-nio-8080-exec-4] USER:User nikos7aaaa created successfully 
2020-09-23 20:07:37,497 INFO c.e.d.c.UserController [http-nio-8080-exec-5] USER:User nikos7aaaaa created successfully 
2020-09-23 20:07:39,004 INFO c.e.d.c.UserController [http-nio-8080-exec-6] USER:User nikos7aaaaaa created successfully 
2020-09-23 20:07:40,481 INFO c.e.d.c.UserController [http-nio-8080-exec-7] USER:User nikos7aaaaaaa created successfully 
2020-09-23 20:07:41,975 INFO c.e.d.c.UserController [http-nio-8080-exec-8] USER:User nikos7aaaaaaaa created successfully 
2020-09-23 23:06:56,351 INFO c.e.d.c.UserController [http-nio-8080-exec-2] USER:User 1 found by id 
2020-09-23 23:12:42,207 INFO c.e.d.c.CartController [http-nio-8080-exec-4] CART:Attempting to add item with id 0 to Cart
2020-09-23 23:12:42,208 INFO c.e.d.c.CartController [http-nio-8080-exec-4] CART:Attempting to add item with id 1 to Cart
2020-09-23 23:12:42,208 INFO c.e.d.c.CartController [http-nio-8080-exec-4] CART:Attempting to add item with id 2 to Cart
2020-09-23 23:12:42,208 INFO c.e.d.c.CartController [http-nio-8080-exec-4] CART:Attempting to add item with id 3 to Cart
2020-09-23 23:12:42,208 INFO c.e.d.c.CartController [http-nio-8080-exec-4] CART:Attempting to add item with id 4 to Cart
2020-09-23 23:12:42,208 INFO c.e.d.c.CartController [http-nio-8080-exec-4] CART:Attempting to add item with id 5 to Cart
2020-09-23 23:12:42,208 INFO c.e.d.c.CartController [http-nio-8080-exec-4] CART:Attempting to add item with id 6 to Cart
2020-09-23 23:12:42,208 INFO c.e.d.c.CartController [http-nio-8080-exec-4] CART:Attempting to add item with id 7 to Cart
2020-09-23 23:12:42,208 INFO c.e.d.c.CartController [http-nio-8080-exec-4] CART:Attempting to add item with id 8 to Cart
2020-09-23 23:12:42,208 INFO c.e.d.c.CartController [http-nio-8080-exec-4] CART:Attempting to add item with id 9 to Cart
2020-09-23 23:12:42,227 INFO c.e.d.c.CartController [http-nio-8080-exec-4] CART:All items successfully added from Cart
2020-09-23 23:31:01,938 INFO c.e.d.c.UserController [http-nio-8080-exec-4] USER:User 1 found by id 
2020-09-23 23:31:02,665 INFO c.e.d.c.UserController [http-nio-8080-exec-5] USER:User 1 found by id 
2020-09-23 23:31:03,294 INFO c.e.d.c.UserController [http-nio-8080-exec-6] USER:User 1 found by id 
2020-09-23 23:31:03,927 INFO c.e.d.c.UserController [http-nio-8080-exec-7] USER:User 1 found by id 
2020-09-23 23:31:04,527 INFO c.e.d.c.UserController [http-nio-8080-exec-8] USER:User 1 found by id 
2020-09-23 23:31:05,190 INFO c.e.d.c.UserController [http-nio-8080-exec-9] USER:User 1 found by id 
2020-09-23 23:31:05,823 INFO c.e.d.c.UserController [http-nio-8080-exec-10] USER:User 1 found by id 
2020-09-23 23:31:06,449 INFO c.e.d.c.UserController [http-nio-8080-exec-1] USER:User 1 found by id 
