2020-09-23 12:51:02,656 INFO c.e.d.c.UserController [http-nio-8080-exec-1] USER:User nikos1 created successfully 
2020-09-23 12:51:07,895 INFO c.e.d.c.UserController [http-nio-8080-exec-3] USER:User 1 found by id 
2020-09-23 12:51:10,549 INFO c.e.d.c.UserController [http-nio-8080-exec-4] USER:User nikos1 found by name 
2020-09-23 12:51:38,072 INFO c.e.d.c.CartController [http-nio-8080-exec-5] CART:Attempting to add item with id 0 to Cart
2020-09-23 12:51:38,072 INFO c.e.d.c.CartController [http-nio-8080-exec-5] CART:Attempting to add item with id 1 to Cart
2020-09-23 12:51:38,072 INFO c.e.d.c.CartController [http-nio-8080-exec-5] CART:Attempting to add item with id 1 to Cart
2020-09-23 12:51:38,072 INFO c.e.d.c.CartController [http-nio-8080-exec-5] CART:Attempting to add item with id 1 to Cart
2020-09-23 12:51:38,073 INFO c.e.d.c.CartController [http-nio-8080-exec-5] CART:Attempting to add item with id 2 to Cart
2020-09-23 12:51:38,073 INFO c
2020-09-23 12:51:07,895 INFO c.e.d.c.UserController [http-nio-8080-exec-3] USER:User 1 found by id 
2020-09-23 12:51:10,549 INFO c.e.d.c.UserController [http-nio-8080-exec-4] USER:User nikos1 found by name 
2020-09-23 12:51:38,072 INFO c.e.d.c.CartController [http-nio-8080-exec-5] CART:Attempting to add item with id 0 to Cart
2020-09-23 12:51:38,072 INFO c.e.d.c.CartController [http-nio-8080-exec-5] CART:Attempting to add item with id 1 to Cart
2020-09-23 12:51:38,072 INFO c.e.d.c.CartController [http-nio-8080-exec-5] CART:Attempting to add item with id 1 to Cart
2020-09-23 12:51:38,072 INFO c.e.d.c.CartController [http-nio-8080-exec-5] CART:Attempting to add item with id 1 to Cart
2020-09-23 12:51:38,073 INFO c.e.d.c.CartController [http-nio-8080-exec-5] CART:Attempting to add item with id 2 to Cart
2020-09-23 12:51:38,073 INFO c.e.d.c.CartController [http-nio-8080-exec-5] CART:Attempting to add item with id 3 to Cart
2020-09-23 12:51:38,074 INFO c.e.d.c.CartController [http-nio-8080-exec-5] CART:Attempting to add item with id 4 to Cart
2020-09-23 12:51:38,074 INFO c.e.d.c.CartController [http-nio-8080-exec-5] CART:Attempting to add item with id 5 to Cart
2020-09-23 12:51:38,074 INFO c.e.d.c.CartController [http-nio-8080-exec-5] CART:Attempting to add item with id 6 to Cart
2020-09-23 12:51:38,074 INFO c.e.d.c.CartController [http-nio-8080-exec-5] CART:Attempting to add item with id 7 to Cart
2020-09-23 12:51:38,074 INFO c.e.d.c.CartController [http-nio-8080-exec-5] CART:Attempting to add item with id 8 to Cart
2020-09-23 12:51:38,074 INFO c.e.d.c.CartController [http-nio-8080-exec-5] CART:Attempting to add item with id 9 to Cart
2020-09-23 12:51:38,096 INFO c.e.d.c.CartController [http-nio-8080-exec-5] CART:All items successfully added from Cart
